
2011-03-21 18:22:04...Begin System Check Process *************
2011-03-21 18:22:04...Found at least one supported DB Type
2011-03-21 18:22:04...XML Parsing Support Found
2011-03-21 18:22:04...MBString Support Found
2011-03-21 18:22:04.../custom directory and subdirectory check passed
2011-03-21 18:22:04.../data/upoad directory and subdirectory check passed
2011-03-21 18:22:04.../cache directory and subdirectory check passed
2011-03-21 18:22:06.../module  directory and subdirectory check passed
2011-03-21 18:22:06...php.ini location found. C:\Program Files\PHP\php.ini
2011-03-21 18:22:06...Outputting HTML for System check
2011-03-21 18:22:06...No Errors were found *************
2011-03-21 18:22:30...Begin DB Check Process *************
2011-03-21 18:22:30...Basic form info is valid, continuing Process.
2011-03-21 18:22:30...testing with mssql
2011-03-21 18:22:30...Connection made using  host: DBC02VS2, usr: sa
2011-03-21 18:22:30...Testing priviliged account...
2011-03-21 18:22:30...Testing priviliged account...
2011-03-21 18:22:30...Connection made for Privileged admin account using  host: DBC02VS2, usr: sa
2011-03-21 18:22:30...No DB Selected, will create crm
2011-03-21 18:22:30...SUCCESS:: no errors detected!
2011-03-21 18:22:30...End DB Check Process *************
2011-03-21 18:22:58...calling handleSugarConfig()
2011-03-21 18:22:58...calling handleLog4Php()
2011-03-21 18:22:58...calling handleWebConfig()
2011-03-21 18:22:58...calling handleDbCreateDatabase()
2011-03-21 18:22:59...looping through all the Beans and create their tables
2011-03-21 18:22:59...processing table acl_actions
2011-03-21 18:22:59...dropping table acl_actions
2011-03-21 18:22:59...creating table acl_actions
2011-03-21 18:22:59...creating Relationship Meta for ACLAction
2011-03-21 18:22:59...processing table acl_roles
2011-03-21 18:22:59...dropping table acl_roles
2011-03-21 18:22:59...creating table acl_roles
2011-03-21 18:22:59...creating Relationship Meta for ACLRole
2011-03-21 18:22:59...processing table relationships
2011-03-21 18:22:59...dropping table relationships
2011-03-21 18:22:59...creating table relationships
2011-03-21 18:22:59...creating Relationship Meta for Relationship
2011-03-21 18:22:59...processing table leads
2011-03-21 18:22:59...dropping table leads
2011-03-21 18:23:00...creating table leads
2011-03-21 18:23:00...creating Relationship Meta for Lead
2011-03-21 18:23:00...processing table cases
2011-03-21 18:23:00...dropping table cases
2011-03-21 18:23:00...creating table cases
2011-03-21 18:23:00...creating Relationship Meta for Case
2011-03-21 18:23:00...processing table bugs
2011-03-21 18:23:00...dropping table bugs
2011-03-21 18:23:00...creating table bugs
2011-03-21 18:23:00...creating Relationship Meta for Bug
2011-03-21 18:23:00...processing table users
2011-03-21 18:23:00...dropping table users
2011-03-21 18:23:00...creating table users
2011-03-21 18:23:00...creating Relationship Meta for User
2011-03-21 18:23:00...processing table campaign_log
2011-03-21 18:23:00...dropping table campaign_log
2011-03-21 18:23:00...creating table campaign_log
2011-03-21 18:23:00...creating Relationship Meta for CampaignLog
2011-03-21 18:23:00...processing table project
2011-03-21 18:23:00...dropping table project
2011-03-21 18:23:00...creating table project
2011-03-21 18:23:00...creating Relationship Meta for Project
2011-03-21 18:23:00...processing table project_task
2011-03-21 18:23:00...dropping table project_task
2011-03-21 18:23:01...creating table project_task
2011-03-21 18:23:01...creating Relationship Meta for ProjectTask
2011-03-21 18:23:01...processing table campaigns
2011-03-21 18:23:01...dropping table campaigns
2011-03-21 18:23:01...creating table campaigns
2011-03-21 18:23:01...creating Relationship Meta for Campaign
2011-03-21 18:23:01...processing table prospect_lists
2011-03-21 18:23:01...dropping table prospect_lists
2011-03-21 18:23:01...creating table prospect_lists
2011-03-21 18:23:01...creating Relationship Meta for ProspectList
2011-03-21 18:23:01...processing table prospects
2011-03-21 18:23:01...dropping table prospects
2011-03-21 18:23:01...creating table prospects
2011-03-21 18:23:01...creating Relationship Meta for Prospect
2011-03-21 18:23:01...processing table email_marketing
2011-03-21 18:23:01...dropping table email_marketing
2011-03-21 18:23:01...creating table email_marketing
2011-03-21 18:23:01...creating Relationship Meta for EmailMarketing
2011-03-21 18:23:01...processing table campaign_trkrs
2011-03-21 18:23:01...dropping table campaign_trkrs
2011-03-21 18:23:01...creating table campaign_trkrs
2011-03-21 18:23:01...creating Relationship Meta for CampaignTracker
2011-03-21 18:23:01...processing table releases
2011-03-21 18:23:01...dropping table releases
2011-03-21 18:23:01...creating table releases
2011-03-21 18:23:01...creating Relationship Meta for Release
2011-03-21 18:23:01...processing table emailman
2011-03-21 18:23:01...dropping table emailman
2011-03-21 18:23:01...creating table emailman
2011-03-21 18:23:01...creating Relationship Meta for EmailMan
2011-03-21 18:23:01...processing table schedulers
2011-03-21 18:23:01...dropping table schedulers
2011-03-21 18:23:01...creating table schedulers
2011-03-21 18:23:01...creating Relationship Meta for schedulers
2011-03-21 18:23:01...processing table schedulers_times
2011-03-21 18:23:02...dropping table schedulers_times
2011-03-21 18:23:02...creating table schedulers_times
2011-03-21 18:23:02...creating Relationship Meta for SchedulersJob
2011-03-21 18:23:02...processing table contacts
2011-03-21 18:23:02...dropping table contacts
2011-03-21 18:23:02...creating table contacts
2011-03-21 18:23:02...creating Relationship Meta for Contact
2011-03-21 18:23:02...processing table accounts
2011-03-21 18:23:02...dropping table accounts
2011-03-21 18:23:02...creating table accounts
2011-03-21 18:23:02...creating Relationship Meta for Account
2011-03-21 18:23:02...processing table opportunities
2011-03-21 18:23:02...dropping table opportunities
2011-03-21 18:23:02...creating table opportunities
2011-03-21 18:23:02...creating Relationship Meta for Opportunity
2011-03-21 18:23:02...processing table email_templates
2011-03-21 18:23:02...dropping table email_templates
2011-03-21 18:23:02...creating table email_templates
2011-03-21 18:23:02...creating Relationship Meta for EmailTemplate
2011-03-21 18:23:02...processing table notes
2011-03-21 18:23:02...dropping table notes
2011-03-21 18:23:02...creating table notes
2011-03-21 18:23:02...creating Relationship Meta for Note
2011-03-21 18:23:02...processing table calls
2011-03-21 18:23:02...dropping table calls
2011-03-21 18:23:02...creating table calls
2011-03-21 18:23:02...creating Relationship Meta for Call
2011-03-21 18:23:03...processing table emails
2011-03-21 18:23:03...dropping table emails
2011-03-21 18:23:03...creating table emails
2011-03-21 18:23:03...creating Relationship Meta for Email
2011-03-21 18:23:03...processing table meetings
2011-03-21 18:23:03...dropping table meetings
2011-03-21 18:23:03...creating table meetings
2011-03-21 18:23:03...creating Relationship Meta for Meeting
2011-03-21 18:23:03...processing table tasks
2011-03-21 18:23:03...dropping table tasks
2011-03-21 18:23:03...creating table tasks
2011-03-21 18:23:03...creating Relationship Meta for Task
2011-03-21 18:23:03...processing table users
2011-03-21 18:23:03...processing table users
2011-03-21 18:23:03...processing table currencies
2011-03-21 18:23:03...dropping table currencies
2011-03-21 18:23:03...creating table currencies
2011-03-21 18:23:03...creating Relationship Meta for Currency
2011-03-21 18:23:03...processing table tracker
2011-03-21 18:23:03...dropping table tracker
2011-03-21 18:23:03...creating table tracker
2011-03-21 18:23:03...creating Relationship Meta for Tracker
2011-03-21 18:23:03...processing table import_maps
2011-03-21 18:23:03...dropping table import_maps
2011-03-21 18:23:03...creating table import_maps
2011-03-21 18:23:03...creating Relationship Meta for ImportMap
2011-03-21 18:23:03...processing table users_last_import
2011-03-21 18:23:03...dropping table users_last_import
2011-03-21 18:23:03...creating table users_last_import
2011-03-21 18:23:03...creating Relationship Meta for UsersLastImport
2011-03-21 18:23:03...processing table config
2011-03-21 18:23:03...dropping table config
2011-03-21 18:23:03...creating table config
2011-03-21 18:23:03...creating Relationship Meta for Administration
2011-03-21 18:23:03...processing table upgrade_history
2011-03-21 18:23:03...dropping table upgrade_history
2011-03-21 18:23:03...creating table upgrade_history
2011-03-21 18:23:03...creating Relationship Meta for UpgradeHistory
2011-03-21 18:23:03...processing table vcals
2011-03-21 18:23:03...dropping table vcals
2011-03-21 18:23:03...creating table vcals
2011-03-21 18:23:03...creating Relationship Meta for vCal
2011-03-21 18:23:03...processing table versions
2011-03-21 18:23:03...dropping table versions
2011-03-21 18:23:03...creating table versions
2011-03-21 18:23:03...creating Relationship Meta for Version
2011-03-21 18:23:03...processing table roles
2011-03-21 18:23:03...dropping table roles
2011-03-21 18:23:03...creating table roles
2011-03-21 18:23:03...creating Relationship Meta for Role
2011-03-21 18:23:03...processing table documents
2011-03-21 18:23:04...dropping table documents
2011-03-21 18:23:04...creating table documents
2011-03-21 18:23:04...creating Relationship Meta for Document
2011-03-21 18:23:04...processing table document_revisions
2011-03-21 18:23:04...dropping table document_revisions
2011-03-21 18:23:04...creating table document_revisions
2011-03-21 18:23:04...creating Relationship Meta for DocumentRevision
2011-03-21 18:23:04...processing table fields_meta_data
2011-03-21 18:23:04...dropping table fields_meta_data
2011-03-21 18:23:04...creating table fields_meta_data
2011-03-21 18:23:04...creating Relationship Meta for FieldsMetaData
2011-03-21 18:23:04...processing table inbound_email
2011-03-21 18:23:04...dropping table inbound_email
2011-03-21 18:23:04...creating table inbound_email
2011-03-21 18:23:04...creating Relationship Meta for InboundEmail
2011-03-21 18:23:04...processing table saved_search
2011-03-21 18:23:04...dropping table saved_search
2011-03-21 18:23:04...creating table saved_search
2011-03-21 18:23:04...creating Relationship Meta for SavedSearch
2011-03-21 18:23:04...processing table user_preferences
2011-03-21 18:23:04...dropping table user_preferences
2011-03-21 18:23:04...creating table user_preferences
2011-03-21 18:23:04...creating Relationship Meta for UserPreference
2011-03-21 18:23:04...processing table 
2011-03-21 18:23:04...processing table email_addresses
2011-03-21 18:23:04...dropping table email_addresses
2011-03-21 18:23:04...creating table email_addresses
2011-03-21 18:23:04...creating Relationship Meta for EmailAddress
2011-03-21 18:23:04...processing table sugarfeed
2011-03-21 18:23:04...dropping table sugarfeed
2011-03-21 18:23:04...creating table sugarfeed
2011-03-21 18:23:04...creating Relationship Meta for SugarFeed
2011-03-21 18:23:08...Begin creating Defaults
2011-03-21 18:23:08...insert defaults into config table
2011-03-21 18:23:08...Creating default users
2011-03-21 18:23:08...Creating default scheduler jobs
2011-03-21 18:23:08...Enable SugarFeeds
2011-03-21 18:23:08...populating the db with seed data
2011-03-21 18:23:08...Installation has completed *********